# JRE version: Java(TM) SE Runtime Environment (12.0.2+10) (build 12.0.2+10)
# Java VM: Java HotSpot(TM) 64-Bit Server VM (12.0.2+10, mixed mode, sharing, tiered, compressed oops, g1 gc, windows-amd64)
Heap:
 garbage-first heap   total 61440K, used 19967K [0x0000000084e00000, 0x0000000100000000)
  region size 1024K, 6 young (6144K), 4 survivors (4096K)
 Metaspace       used 35036K, capacity 36046K, committed 36176K, reserved 1081344K
  class space    used 4324K, capacity 4735K, committed 4784K, reserved 1048576K
GC Heap History (10 events):
Event: 4.016 GC heap before
{Heap before GC invocations=7 (full 0):
 garbage-first heap   total 51200K, used 37148K [0x0000000084e00000, 0x0000000100000000)
  region size 1024K, 30 young (30720K), 7 survivors (7168K)
 Metaspace       used 23212K, capacity 24018K, committed 24240K, reserved 1071104K
  class space    used 2890K, capacity 3225K, committed 3248K, reserved 1048576K
}
Event: 4.030 GC heap after
{Heap after GC invocations=8 (full 0):
 garbage-first heap   total 51200K, used 15270K [0x0000000084e00000, 0x0000000100000000)
  region size 1024K, 4 young (4096K), 4 survivors (4096K)
 Metaspace       used 23212K, capacity 24018K, committed 24240K, reserved 1071104K
  class space    used 2890K, capacity 3225K, committed 3248K, reserved 1048576K
}
Event: 4.750 GC heap before
{Heap before GC invocations=8 (full 0):
 garbage-first heap   total 51200K, used 35750K [0x0000000084e00000, 0x0000000100000000)
  region size 1024K, 25 young (25600K), 4 survivors (4096K)
 Metaspace       used 27086K, capacity 28028K, committed 28208K, reserved 1073152K
  class space    used 3362K, capacity 3751K, committed 3888K, reserved 1048576K
}
Event: 4.758 GC heap after
{Heap after GC invocations=9 (full 0):
 garbage-first heap   total 51200K, used 17007K [0x0000000084e00000, 0x0000000100000000)
  region size 1024K, 4 young (4096K), 4 survivors (4096K)
 Metaspace       used 27086K, capacity 28028K, committed 28208K, reserved 1073152K
  class space    used 3362K, capacity 3751K, committed 3888K, reserved 1048576K
}
Event: 4.764 GC heap before
{Heap before GC invocations=9 (full 0):
 garbage-first heap   total 51200K, used 37487K [0x0000000084e00000, 0x0000000100000000)
  region size 1024K, 25 young (25600K), 4 survivors (4096K)
 Metaspace       used 27086K, capacity 28028K, committed 28208K, reserved 1073152K
  class space    used 3362K, capacity 3751K, committed 3888K, reserved 1048576K
}
Event: 4.770 GC heap after
{Heap after GC invocations=10 (full 0):
 garbage-first heap   total 61440K, used 17202K [0x0000000084e00000, 0x0000000100000000)
  region size 1024K, 2 young (2048K), 2 survivors (2048K)
 Metaspace       used 27086K, capacity 28028K, committed 28208K, reserved 1073152K
  class space    used 3362K, capacity 3751K, committed 3888K, reserved 1048576K
}
Event: 4.982 GC heap before
{Heap before GC invocations=10 (full 0):
 garbage-first heap   total 61440K, used 45874K [0x0000000084e00000, 0x0000000100000000)
  region size 1024K, 30 young (30720K), 2 survivors (2048K)
 Metaspace       used 27682K, capacity 28663K, committed 28720K, reserved 1075200K
  class space    used 3435K, capacity 3855K, committed 3888K, reserved 1048576K
}
Event: 4.986 GC heap after
{Heap after GC invocations=11 (full 0):
 garbage-first heap   total 61440K, used 17027K [0x0000000084e00000, 0x0000000100000000)
  region size 1024K, 2 young (2048K), 2 survivors (2048K)
 Metaspace       used 27682K, capacity 28663K, committed 28720K, reserved 1075200K
  class space    used 3435K, capacity 3855K, committed 3888K, reserved 1048576K
}
Event: 5.608 GC heap before
{Heap before GC invocations=11 (full 0):
 garbage-first heap   total 61440K, used 39555K [0x0000000084e00000, 0x0000000100000000)
  region size 1024K, 25 young (25600K), 2 survivors (2048K)
 Metaspace       used 34721K, capacity 35750K, committed 35920K, reserved 1081344K
  class space    used 4292K, capacity 4700K, committed 4784K, reserved 1048576K
}
Event: 5.614 GC heap after
{Heap after GC invocations=12 (full 0):
 garbage-first heap   total 61440K, used 18943K [0x0000000084e00000, 0x0000000100000000)
  region size 1024K, 4 young (4096K), 4 survivors (4096K)
 Metaspace       used 34721K, capacity 35750K, committed 35920K, reserved 1081344K
  class space    used 4292K, capacity 4700K, committed 4784K, reserved 1048576K
}

